<?xml version="1.0" encoding="UTF-8"?>
<!-- Generated by org.testng.reporters.JUnitReportReporter -->
<testsuite skipped="0" hostname="Lenovo" name="seProj.Demo5" tests="2" failures="0" timestamp="2020-09-26T12:30:50 IST" time="37.072" errors="0">
  <testcase name="testcase" time="24.792" classname="seProj.Demo5"/>
  <system-out/>
  <testcase name="testcase" time="12.280" classname="seProj.Demo5"/>
  <system-out/>
</testsuite> <!-- seProj.Demo5 -->
