<?xml version="1.0" encoding="UTF-8"?>
<!-- Generated by org.testng.reporters.JUnitReportReporter -->
<testsuite skipped="0" hostname="Lenovo" name="seProj.Demo8" tests="3" failures="0" timestamp="2020-09-27T10:47:00 IST" time="0.181" errors="0">
  <testcase name="Apple" time="0.136" classname="seProj.Demo8"/>
  <system-out/>
  <testcase name="Bat" time="0.032" classname="seProj.Demo8"/>
  <system-out/>
  <testcase name="Cat" time="0.013" classname="seProj.Demo8"/>
  <system-out/>
</testsuite> <!-- seProj.Demo8 -->
