<?xml version="1.0" encoding="UTF-8"?>
<!-- Generated by org.testng.reporters.JUnitReportReporter -->
<testsuite skipped="0" hostname="Lenovo" name="seProj.Demo4" tests="2" failures="0" timestamp="2020-09-26T12:12:55 IST" time="0.090" errors="0">
  <testcase name="testcase3" time="0.011" classname="seProj.Demo4"/>
  <system-out/>
  <testcase name="testcase1" time="0.079" classname="seProj.Demo4"/>
  <system-out/>
</testsuite> <!-- seProj.Demo4 -->
