<?xml version="1.0" encoding="UTF-8"?>
<!-- Generated by org.testng.reporters.JUnitReportReporter -->
<testsuite skipped="0" hostname="Lenovo" name="seProj.Demo9" tests="1" failures="0" timestamp="2020-09-27T12:26:19 IST" time="64.410" errors="0">
  <testcase name="testcase" time="64.410" classname="seProj.Demo9"/>
  <system-out/>
</testsuite> <!-- seProj.Demo9 -->
