<?xml version="1.0" encoding="UTF-8"?>
<!-- Generated by org.testng.reporters.JUnitReportReporter -->
<testsuite skipped="1" hostname="Lenovo" name="seProj.Demo1" tests="4" failures="0" timestamp="2020-09-26T11:08:40 IST" time="2.111" errors="0">
  <testcase name="bindu" time="0.012" classname="seProj.Demo1"/>
  <system-out/>
  <testcase name="dhanya" time="0.008" classname="seProj.Demo1"/>
  <system-out/>
  <testcase name="aditya" time="2.091" classname="seProj.Demo1"/>
  <system-out/>
  <testcase name="catherine" classname="seProj.Demo1">
    <skipped/>
  </testcase> <!-- catherine -->
  <system-out/>
</testsuite> <!-- seProj.Demo1 -->
